"../../../../Unreal Projects/VR 4.26/Content/Widgets/Mat_Brown.uasset" 0
"../../../../Unreal Projects/VR 4.26/Content/Widgets/frame.uasset" 1
"../../../../Unreal Projects/VR 4.26/Content/MainBlueprints/MainGameInstance.uasset" 2
"../../../../Unreal Projects/VR 4.26/Content/Widgets/Widgets/Practice_WBP.uasset" 3
"../../../../Unreal Projects/VR 4.26/Content/Widgets/Widgets/Interactive/Practice_IBP.uasset" 4
"../../../../Unreal Projects/VR 4.26/Content/Widgets/Practice_IBP.uasset" 5
"../../../Engine/Content/EditorBlueprintResources/StandardMacros.uasset" 6
"../../../../Unreal Projects/VR 4.26/Content/Widgets/Practice_WBP.uasset" 7
"../../../../Unreal Projects/VR 4.26/Content/Widgets/Widgets/Quit_WBP.uasset" 8
"../../../../Unreal Projects/VR 4.26/Content/StarterContent/Textures/T_Metal_Gold_D.uasset" 9
"../../../../Unreal Projects/VR 4.26/Content/StarterContent/Textures/T_Metal_Gold_N.uasset" 10
"../../../../Unreal Projects/VR 4.26/Content/StarterContent/Textures/T_MacroVariation.uasset" 11
"../../../../Unreal Projects/VR 4.26/Content/StarterContent/Materials/M_Metal_Gold.uasset" 12
"../../../../Unreal Projects/VR 4.26/Content/Widgets/Widgets/Interactive/Quit_BP.uasset" 13
"../../../../Unreal Projects/VR 4.26/Content/Widgets/Quit_BP.uasset" 14
"../../../../Unreal Projects/VR 4.26/Content/Widgets/Images/forward_arrow_hovered.uasset" 15
"../../../../Unreal Projects/VR 4.26/Content/Widgets/Images/forward_arrow.uasset" 16
"../../../../Unreal Projects/VR 4.26/Content/Widgets/Images/back_arrow_hovered.uasset" 17
"../../../../Unreal Projects/VR 4.26/Content/Widgets/Images/back_arrow.uasset" 18
"../../../../Unreal Projects/VR 4.26/Content/Sound/hover.uasset" 19
"../../../../Unreal Projects/VR 4.26/Content/Sound/click.uasset" 20
"../../../../Unreal Projects/VR 4.26/Content/Widgets/Widgets/Theory_WBP.uasset" 21
"../../../../Unreal Projects/VR 4.26/Content/Widgets/Widgets/Interactive/Theory_IBP.uasset" 22
"../../../../Unreal Projects/VR 4.26/Content/Widgets/Theory_IBP.uasset" 23
"../../../../Unreal Projects/VR 4.26/Content/Widgets/Theory_WBP.uasset" 24
"../../../../Unreal Projects/VR 4.26/Content/Widgets/MainMenu/WBP_Settings.uasset" 25
"../../../../Unreal Projects/VR 4.26/Content/Widgets/Widgets/Startup_WBP.uasset" 26
"../../../Engine/Content/EngineMaterials/T_Default_Material_Grid_N.uasset" 27
"../../../Engine/Content/EngineMaterials/T_Default_Material_Grid_M.uasset" 28
"../../../Engine/Content/Functions/Engine_MaterialFunctions01/Opacity/CameraDepthFade.uasset" 29
"../../../Engine/Content/EngineMaterials/WorldGridMaterial.uasset" 30
"../../../Engine/Content/ArtTools/RenderToTexture/Meshes/S_1_Unit_Plane.uasset" 31
"../../../Engine/Content/EngineMaterials/DefaultMaterial.uasset" 32
"../../../Engine/Content/BasicShapes/Cone.uasset" 33
"../../../Engine/Content/EditorLandscapeResources/DataLayer.uasset" 34
"../../../Engine/Content/EditorLandscapeResources/DefaultAlphaTexture.uasset" 35
"../../../Engine/Content/EditorMaterials/MAT_Groups_Toggle.uasset" 36
"../../../Engine/Content/EditorMaterials/MAT_Groups_Visibility.uasset" 37
"../../../Engine/Content/EditorMaterials/PreviewShadowIndicator.uasset" 38
"../../../Engine/Content/EditorMaterials/PreviewShadowIndicatorMaterial.uasset" 39
"../../../Engine/Content/EditorMaterials/MatineeGroups/MAT_ColorTrack.uasset" 40
"../../../Engine/Content/EditorMaterials/MatineeGroups/MAT_Groups_Anim.uasset" 41
"../../../Engine/Content/EditorMaterials/MatineeGroups/MAT_Groups_AudioMaster.uasset" 42
"../../../Engine/Content/EditorMaterials/MatineeGroups/MAT_Groups_Director.uasset" 43
"../../../Engine/Content/EditorMaterials/MatineeGroups/MAT_Groups_Event.uasset" 44
"../../../Engine/Content/EditorMaterials/MatineeGroups/MAT_Groups_Fade.uasset" 45
"../../../Engine/Content/EditorMaterials/MatineeGroups/MAT_Groups_Float.uasset" 46
"../../../Engine/Content/EditorMaterials/MatineeGroups/MAT_Groups_Move.uasset" 47
"../../../Engine/Content/EditorMaterials/MatineeGroups/MAT_Groups_Slomo.uasset" 48
"../../../Engine/Content/EditorMaterials/MatineeGroups/MAT_Groups_Sound.uasset" 49
"../../../Engine/Content/EditorMaterials/MatineeGroups/MAT_Groups_Vector.uasset" 50
"../../../Engine/Content/EditorMaterials/ParticleSystems/PSysThumbnail_NoImage.uasset" 51
"../../../Engine/Content/EditorMaterials/ParticleSystems/PSysThumbnail_OOD.uasset" 52
"../../../Engine/Content/EditorMaterials/Camera/CineMat.uasset" 53
"../../../Engine/Content/EditorMaterials/Camera/MI_CineMat_Rig.uasset" 54
"../../../Engine/Content/EditorMeshes/Camera/SM_CraneRig_Arm.uasset" 55
"../../../Engine/Content/EditorMeshes/Camera/SM_CraneRig_Base.uasset" 56
"../../../Engine/Content/EditorMeshes/Camera/SM_CraneRig_Body.uasset" 57
"../../../Engine/Content/EditorMeshes/Camera/SM_CraneRig_Mount.uasset" 58
"../../../Engine/Content/EditorMeshes/Camera/SM_RailRig_Mount.uasset" 59
"../../../Engine/Content/EditorMeshes/Camera/SM_RailRig_Track.uasset" 60
"../../../Engine/Content/EditorResources/BSPVertex.uasset" 61
"../../../Engine/Content/EditorResources/EmptyActor.uasset" 62
"../../../Engine/Content/EditorResources/S_Actor.uasset" 63
"../../../Engine/Content/EditorResources/S_Note.uasset" 64
"../../../Engine/Content/EditorResources/S_Solver.uasset" 65
"../../../Engine/Content/EditorResources/S_Terrain.uasset" 66
"../../../Engine/Content/EditorResources/S_Trigger.uasset" 67
"../../../Engine/Content/EditorResources/AudioIcons/S_AudioComponent_AutoActivate.uasset" 68
"../../../Engine/Content/EditorResources/LightIcons/S_LightError.uasset" 69
"../../../Engine/Content/EditorResources/SequenceRecorder/Countdown.uasset" 70
"../../../Engine/Content/EditorResources/SequenceRecorder/RecordingIndicator.uasset" 71
"../../../Engine/Content/EngineDamageTypes/DmgTypeBP_Environmental.uasset" 72
"../../../Engine/Content/EngineDebugMaterials/DebugEditorMaterial.uasset" 73
"../../../Engine/Content/EngineDebugMaterials/DebugMeshMaterial.uasset" 74
"../../../Engine/Content/EngineDebugMaterials/M_SimpleUnlitTranslucent.uasset" 75
"../../../Engine/Content/EngineDebugMaterials/VolumeToRender.uasset" 76
"../../../Engine/Content/Functions/Engine_MaterialFunctions02/Utility/CameraDirectionVector.uasset" 77
"../../../Engine/Content/EngineDebugMaterials/M_VolumeRenderSphereTracePP.uasset" 78
"../../../Engine/Content/Functions/Engine_MaterialFunctions01/Shading/ConvertFromDiffSpec.uasset" 79
"../../../Engine/Content/EngineDebugMaterials/VertexColorMaterial.uasset" 80
"../../../Engine/Content/EngineDebugMaterials/WireframeMaterial.uasset" 81
"../../../Engine/Content/EngineFonts/Faces/RobotoRegular.uasset" 82
"../../../Engine/Content/EngineFonts/Faces/RobotoLight.uasset" 83
"../../../Engine/Content/EngineFonts/Faces/RobotoItalic.uasset" 84
"../../../Engine/Content/EngineFonts/Faces/RobotoBoldItalic.uasset" 85
"../../../Engine/Content/EngineFonts/Faces/RobotoBold.uasset" 86
"../../../Engine/Content/EngineFonts/Faces/DroidSansFallback.uasset" 87
"../../../Engine/Content/EngineFonts/Roboto.uasset" 88
"../../../Engine/Content/EngineMaterials/BaseFlattenNormalMap.uasset" 89
"../../../Engine/Content/EngineMaterials/BaseFlattenGrayscaleMap.uasset" 90
"../../../Engine/Content/EngineMaterials/BaseFlattenEmissiveMap.uasset" 91
"../../../Engine/Content/EngineMaterials/BaseFlattenDiffuseMap.uasset" 92
"../../../Engine/Content/EngineMaterials/BaseFlattenMaterial.uasset" 93
"../../../Engine/Content/EngineMaterials/BlueNoise.uasset" 94
"../../../Engine/Content/EngineMaterials/DefaultBloomKernel.uasset" 95
"../../../Engine/Content/EngineMaterials/DefaultBokeh.uasset" 96
"../../../Engine/Content/EngineMaterials/DefaultDiffuse.uasset" 97
"../../../Engine/Content/EngineMaterials/DefaultDeferredDecalMaterial.uasset" 98
"../../../Engine/Content/EngineMaterials/DefaultLightFunctionMaterial.uasset" 99
"../../../Engine/Content/EngineMaterials/DefaultPhysicalMaterial.uasset" 100
"../../../Engine/Content/Functions/Engine_MaterialFunctions02/Utility/BreakOutFloat2Components.uasset" 101
"../../../Engine/Content/EngineMaterials/DefaultPostProcessMaterial.uasset" 102
"../../../Engine/Content/EngineFonts/RobotoDistanceField.uasset" 103
"../../../Engine/Content/EngineMaterials/DefaultTextMaterialOpaque.uasset" 104
"../../../Engine/Content/EngineMaterials/DefaultWhiteGrid.uasset" 105
"../../../Engine/Content/EngineMaterials/DefaultWhiteGrid_Low.uasset" 106
"../../../Engine/Content/EngineMaterials/EmissiveMeshMaterial.uasset" 107
"../../../Engine/Content/EngineMaterials/GizmoMaterial.uasset" 108
"../../../Engine/Content/EngineMaterials/MiniFont.uasset" 109
"../../../Engine/Content/EngineMaterials/InvalidLightmapSettings.uasset" 110
"../../../Engine/Content/EngineMaterials/M_InvalidLightmapSettings.uasset" 111
"../../../Engine/Content/Functions/Engine_MaterialFunctions02/WorldPositionOffset/CameraOffset.uasset" 112
"../../../Engine/Content/EngineMaterials/PhAT_JointLimitMaterial.uasset" 113
"../../../Engine/Content/EngineMaterials/PreintegratedSkinBRDF.uasset" 114
"../../../Engine/Content/EngineMaterials/RemoveSurfaceMaterial.uasset" 115
"../../../Engine/Content/EngineMaterials/WeightMapPlaceholderTexture.uasset" 116
"../../../Engine/Content/EngineResources/WhiteSquareTexture.uasset" 117
"../../../Engine/Content/EngineMaterials/Widget3DPassThrough.uasset" 118
"../../../Engine/Content/EngineMaterials/Widget3DPassThrough_Masked.uasset" 119
"../../../Engine/Content/EngineMaterials/Widget3DPassThrough_Opaque.uasset" 120
"../../../Engine/Content/EngineMaterials/Widget3DPassThrough_Masked_OneSided.uasset" 121
"../../../Engine/Content/EngineMaterials/Widget3DPassThrough_Opaque_OneSided.uasset" 122
"../../../Engine/Content/EngineMaterials/Widget3DPassThrough_Translucent.uasset" 123
"../../../Engine/Content/EngineMaterials/Widget3DPassThrough_Translucent_OneSided.uasset" 124
"../../../Engine/Content/EngineMeshes/Cylinder.uasset" 125
"../../../Engine/Content/EngineMeshes/Sphere.uasset" 126
"../../../Engine/Content/EngineResources/Black.uasset" 127
"../../../Engine/Content/EngineResources/DefaultTextureCube.uasset" 128
"../../../Engine/Content/EngineResources/DefaultVolumeTexture2D.uasset" 129
"../../../Engine/Content/EngineResources/DefaultVolumeTexture.uasset" 130
"../../../Engine/Content/EngineResources/GradientTexture0.uasset" 131
"../../../Engine/Content/EngineSky/VolumetricClouds/T_NoiseShape64.uasset" 132
"../../../Engine/Content/EngineSky/VolumetricClouds/T_VolumeNoiseShape64.uasset" 133
"../../../Engine/Content/EngineSky/VolumetricClouds/T_NoiseErosion.uasset" 134
"../../../Engine/Content/EngineSky/VolumetricClouds/T_VolumeNoiseErosion32.uasset" 135
"../../../Engine/Content/EngineSky/VolumetricClouds/CloudWeatherTexture.uasset" 136
"../../../Engine/Content/EngineSky/VolumetricClouds/CloudGradientTexture.uasset" 137
"../../../Engine/Content/Functions/Engine_MaterialFunctions02/Utility/MakeFloat2.uasset" 138
"../../../Engine/Content/EngineSky/VolumetricClouds/m_SimpleVolumetricCloud.uasset" 139
"../../../Engine/Content/EngineSky/VolumetricClouds/m_SimpleVolumetricCloud_Inst.uasset" 140
"../../../Engine/Content/EngineSounds/Master.uasset" 141
"../../../Engine/Content/Functions/Engine_MaterialFunctions01/Shading/PowerToRoughness.uasset" 142
"../../../Engine/Content/Maps/Templates/Thumbnails/Default.uasset" 143
"../../../Engine/Content/Maps/Templates/Thumbnails/TimeOfDay.uasset" 144
"../../../Engine/Content/Maps/Templates/Thumbnails/VR-Basic.uasset" 145
"../../../Engine/Content/MobileResources/T_MobileControls_texture.uasset" 146
"../../../Engine/Content/MobileResources/T_MobileMenu2.uasset" 147
"../../../Engine/Content/MobileResources/HUD/AnalogHat.uasset" 148
"../../../Engine/Content/MobileResources/HUD/VirtualJoystick_Thumb.uasset" 149
"../../../Engine/Content/MobileResources/HUD/VirtualJoystick_Background.uasset" 150
"../../../Engine/Content/MobileResources/HUD/DefaultVirtualJoysticks.uasset" 151
"../../../Engine/Content/MobileResources/HUD/LeftVirtualJoystickOnly.uasset" 152
"../../../Engine/Content/MobileResources/HUD/MobileHUDButton1_off.uasset" 153
"../../../Engine/Content/MobileResources/HUD/MobileHUDButton1_on.uasset" 154
"../../../Engine/Content/MobileResources/HUD/MobileHUDButton2_off.uasset" 155
"../../../Engine/Content/MobileResources/HUD/MobileHUDButton2_on.uasset" 156
"../../../Engine/Content/MobileResources/HUD/MobileHUDButton3.uasset" 157
"../../../Engine/Content/MobileResources/HUD/MobileHUDButtonFire.uasset" 158
"../../../Engine/Content/MobileResources/HUD/MobileHUDDirectionPad.uasset" 159
"../../../Engine/Content/MobileResources/HUD/MobileHUDDirectionPad2.uasset" 160
"../../../Engine/Content/MobileResources/HUD/MobileHUDDirectionPad3.uasset" 161
"../../../Engine/Content/MobileResources/HUD/MobileHUDDirectionStick.uasset" 162
"../../../Engine/Content/MobileResources/HUD/T_Castle_ThumbstickInner.uasset" 163
"../../../Engine/Content/MobileResources/HUD/T_Castle_ThumbstickOutter.uasset" 164
"../../../Engine/Content/Tutorial/ContentIntroCurve.uasset" 165
"../../../Engine/Content/Tutorial/Basics/LevelEditorAttract.uasset" 166
"../../../Engine/Content/Tutorial/Foliage/TutorialAssets/Foliage.uasset" 167
"../../../Engine/Content/Tutorial/Foliage/Foliage_Intro_Tutorial.uasset" 168
"../../../Engine/Content/Tutorial/Foliage/Foliage_Settings_Tutorial.uasset" 169
"../../../Engine/Content/Tutorial/Foliage/Foliage_Using_The_Tool_Tutorial.uasset" 170
"../../../Engine/Content/Tutorial/Installation/InstallingVisualStudioTutorial.uasset" 171
"../../../Engine/Content/Tutorial/SubEditors/GettingSubstance.uasset" 172
"../../../Engine/Content/VREditor/TransformGizmo/TranslucentTransformGizmoMaterial.uasset" 173
"../../../Engine/Content/VREditor/LaserPointer/VR_LaserPower_01.uasset" 174
"../../../Engine/Content/VREditor/TransformGizmo/TransformGizmoMaterial.uasset" 175
"../../../Engine/Content/VREditor/TransformGizmo/BoundingBoxCorner.uasset" 176
"../../../Engine/Content/VREditor/TransformGizmo/BoundingBoxEdge.uasset" 177
"../../../Engine/Content/VREditor/TransformGizmo/PlaneTranslationHandle.uasset" 178
"../../../Engine/Content/VREditor/TransformGizmo/Xray.uasset" 179
"../../../Engine/Content/VREditor/TransformGizmo/Main.uasset" 180
"../../../Engine/Content/VREditor/TransformGizmo/SM_Sequencer_Key.uasset" 181
"../../../Engine/Content/VREditor/TransformGizmo/SM_Sequencer_Node.uasset" 182
"../../Plugins/2D/Paper2D/Content/PlaceholderTextures/DummySpriteTexture.uasset" 183
"../../Plugins/2D/Paper2D/Content/DummySprite.uasset" 184
"../../Plugins/2D/Paper2D/Content/DefaultPaperTerrainMaterial.uasset" 185
"../../Plugins/2D/Paper2D/Content/DefaultSpriteMaterial.uasset" 186
"../../Plugins/2D/Paper2D/Content/MaskedUnlitSpriteMaterial.uasset" 187
"../../Plugins/2D/Paper2D/Content/OpaqueUnlitSpriteMaterial.uasset" 188
"../../../Engine/Content/Functions/Engine_MaterialFunctions02/Utility/BreakOutFloat3Components.uasset" 189
"../../Plugins/Editor/SpeedTreeImporter/Content/SpeedTree9/UnpackInteger3.uasset" 190
"../../Plugins/Editor/SpeedTreeImporter/Content/SpeedTree9/UnpackDirection.uasset" 191
"../../Plugins/Editor/SpeedTreeImporter/Content/SpeedTree9/game_wind_noise.uasset" 192
"../../../Engine/Content/Functions/Engine_MaterialFunctions02/SafeNormalize.uasset" 193
"../../Plugins/Editor/SpeedTreeImporter/Content/SpeedTree9/SpeedTreeWindMotion.uasset" 194
"../../Plugins/Editor/SpeedTreeImporter/Content/SpeedTree9/SpeedTreeBranchMotion.uasset" 195
"../../../Engine/Content/Functions/Engine_MaterialFunctions02/ObjectLocalBounds.uasset" 196
"../../../Engine/Content/Functions/Engine_MaterialFunctions02/UVs/BoundingBoxBased_0-1_UVW.uasset" 197
"../../Plugins/Editor/SpeedTreeImporter/Content/SpeedTree9/SpeedTreeWind.uasset" 198
"../../Plugins/Editor/SpeedTreeImporter/Content/SpeedTree9/SpeedTreeBillboard.uasset" 199
"../../../Engine/Content/EngineResources/DefaultTexture.uasset" 200
"../../Plugins/Editor/SpeedTreeImporter/Content/SpeedTree9/SpeedTreeBillboardMaster.uasset" 201
"../../Plugins/Editor/SpeedTreeImporter/Content/SpeedTree9/SpeedTreeCameraFacing.uasset" 202
"../../Plugins/Editor/SpeedTreeImporter/Content/SpeedTree9/SpeedTreeMaster.uasset" 203
"../../../Engine/Content/ArtTools/RenderToTexture/Materials/Debug/M_Emissive_Color.uasset" 204
"../../../Engine/Content/BasicShapes/Cylinder.uasset" 205
"../../Plugins/Lumin/MagicLeapPassableWorld/Content/MagicLeapARPinInfoActor.uasset" 206
"../../../Engine/Content/Functions/Engine_MaterialFunctions02/Utility/BreakOutFloat4Components.uasset" 207
"../../../Engine/Content/Functions/Engine_MaterialFunctions02/Utility/MakeFloat3.uasset" 208
"../../Plugins/Runtime/Oculus/OculusVR/Content/Materials/OculusMR_ChromaKey.uasset" 209
"../../Plugins/Runtime/Oculus/OculusVR/Content/Materials/OculusMR_OpaqueColoredMaterial.uasset" 210
"../../Plugins/Runtime/Oculus/OculusVR/Content/Materials/PokeAHoleMaterial.uasset" 211
"../../../../Unreal Projects/VR 4.26/Content/VirtualRealityBP/Blueprints/PickupActorInterface.uasset" 212
"../../../Engine/Content/Functions/Engine_MaterialFunctions02/ExampleContent/PivotPainter2/test2_rgb_PivotPos_a_ParentIndexInt_UV_2.uasset" 213
"../../../Engine/Content/Functions/Engine_MaterialFunctions02/ExampleContent/Textures/WindTurblenceVectorAndGustMagnitude.uasset" 214
"../../../Engine/Content/Functions/Engine_MaterialFunctions02/PivotPainter2/2dArrayLookupByIndex.uasset" 215
"../../../Engine/Content/Functions/Engine_MaterialFunctions02/PivotPainter2/ms_PivotPainter2_ReturnParentTextureInfo.uasset" 216
"../../../Engine/Content/Functions/Engine_MaterialFunctions02/PivotPainter2/ms_PivotPainter2_DecodePostion.uasset" 217
"../../../Engine/Content/Functions/Engine_MaterialFunctions02/PivotPainter2/ms_PivotPainter2_DecodeAxisVector.uasset" 218
"../../../Engine/Content/Functions/Engine_MaterialFunctions02/PivotPainter2/ms_PivotPainter2_Decode8BitAlphaAxisExtent.uasset" 219
"../../../Engine/Content/Functions/Engine_MaterialFunctions02/ExampleContent/PivotPainter2/SimpExPivPos.uasset" 220
"../../../Engine/Content/Functions/Engine_MaterialFunctions02/ExampleContent/PivotPainter2/PP2_rgb_XVect_a_XExtent.uasset" 221
"../../../Engine/Content/Functions/Engine_MaterialFunctions02/ms_PivotPainter2_UnpackIntegerAsFloat.uasset" 222
"../../../Engine/Content/Functions/Engine_MaterialFunctions02/FixRotateAboutAxisNormals.uasset" 223
"../../../Engine/Content/Functions/Engine_MaterialFunctions02/Utility/VectorLength.uasset" 224
"../../../Engine/Content/Functions/Engine_MaterialFunctions02/WorldPositionOffset/ObjectScale.uasset" 225
"../../../Engine/Content/Functions/Engine_MaterialFunctions02/PivotPainter2/PivotPainter2FoliageAnimation.uasset" 226
"../../../Engine/Content/Functions/Engine_MaterialFunctions02/PivotPainter2/ms_PivotPainter2_CalculateMeshElementIndex.uasset" 227
"../../../Engine/Content/Functions/Engine_MaterialFunctions02/Math/TimeWithSpeedVariable.uasset" 228
"../../../Engine/Content/Functions/Engine_MaterialFunctions02/Lerp_Multiple_Float2.uasset" 229
"../../../Engine/Content/Functions/Engine_MaterialFunctions02/PivotPainter2/PivotPainter2FoliageShader.uasset" 230
"../../../Engine/Content/Functions/Engine_MaterialFunctions02/ExampleContent/PivotPainter2/SimplePivotPainterExampleMat.uasset" 231
"../../../../Unreal Projects/VR 4.26/Content/Meshes/Elements/Text_Collor.uasset" 232
"../../../../Unreal Projects/VR 4.26/Content/Meshes/Elements/Fe.uasset" 233
"../../../../Unreal Projects/VR 4.26/Content/Meshes/Elements/element_collor.uasset" 234
"../../../../Unreal Projects/VR 4.26/Content/Meshes/Elements/BP_Fe.uasset" 235
"../../../../Unreal Projects/VR 4.26/Content/Meshes/Elements/Mg_collor.uasset" 236
"../../../../Unreal Projects/VR 4.26/Content/Meshes/Elements/Mg.uasset" 237
"../../../../Unreal Projects/VR 4.26/Content/Meshes/Elements/BP_Mg.uasset" 238
"../../../../Unreal Projects/VR 4.26/Content/Meshes/Elements/Zn_collor.uasset" 239
"../../../../Unreal Projects/VR 4.26/Content/Meshes/Elements/Zn.uasset" 240
"../../../../Unreal Projects/VR 4.26/Content/Meshes/Elements/BP_Zn.uasset" 241
"../../../../Unreal Projects/VR 4.26/Content/StarterContent/Textures/T_Smoke_Tiled_D.uasset" 242
"../../../../Unreal Projects/VR 4.26/Content/StarterContent/Textures/T_Smoke_SubUV.uasset" 243
"../../../../Unreal Projects/VR 4.26/Content/StarterContent/Particles/Materials/M_smoke_subUV.uasset" 244
"../../../Engine/Content/Functions/Engine_MaterialFunctions01/Gradient/RadialGradient.uasset" 245
"../../../../Unreal Projects/VR 4.26/Content/StarterContent/Particles/Materials/M_radial_ramp.uasset" 246
"../../../../Unreal Projects/VR 4.26/Content/StarterContent/Particles/Materials/m_flare_01.uasset" 247
"../../../../Unreal Projects/VR 4.26/Content/StarterContent/Textures/T_Explosion_SubUV.uasset" 248
"../../../../Unreal Projects/VR 4.26/Content/StarterContent/Particles/Materials/M_explosion_subUV.uasset" 249
"../../../../Unreal Projects/VR 4.26/Content/StarterContent/Textures/T_Burst_M.uasset" 250
"../../../../Unreal Projects/VR 4.26/Content/StarterContent/Particles/Materials/M_Burst.uasset" 251
"../../../../Unreal Projects/VR 4.26/Content/StarterContent/Particles/P_Explosion.uasset" 252
"../../../../Unreal Projects/VR 4.26/Content/Sound/boom.uasset" 253
"../../../../Unreal Projects/VR 4.26/Content/Meshes/Flaska/Mat_Flaska.uasset" 254
"../../../../Unreal Projects/VR 4.26/Content/Meshes/Flaska/DangerousFlaska/Mat_FlaskaDangerous_Inst.uasset" 255
"../../../../Unreal Projects/VR 4.26/Content/Meshes/Flaska/flaska.uasset" 256
"../../../../Unreal Projects/VR 4.26/Content/Meshes/Flaska/DangerousFlaska/flaska_DM.uasset" 257
"../../../../Unreal Projects/VR 4.26/Content/Meshes/Flaska/DangerousFlaska/DBP_DangerousFlaska.uasset" 258
"../../../../Unreal Projects/VR 4.26/Content/Meshes/Flaska/Mat_Title.uasset" 259
"../../../../Unreal Projects/VR 4.26/Content/Meshes/Flaska/FeCl2/FeCl2.uasset" 260
"../../../../Unreal Projects/VR 4.26/Content/Meshes/Flaska/Fe/Mat_FlaskaFe_Inst.uasset" 261
"../../../../Unreal Projects/VR 4.26/Content/Meshes/Flaska/FeCl2/BP_FlaskaFeCl2.uasset" 262
"../../../../Unreal Projects/VR 4.26/Content/Sound/Noise/Smoke_Spawned/noise_of_smoke_spawned_1.uasset" 263
"../../../../Unreal Projects/VR 4.26/Content/Meshes/Flaska/Zn/Mat_FlaskaZn_Inst.uasset" 264
"../../../../Unreal Projects/VR 4.26/Content/Meshes/Flaska/FeSO4/FeSO4.uasset" 265
"../../../../Unreal Projects/VR 4.26/Content/Meshes/Flaska/FeSO4/Mat_FlaskaFeSO4_Inst.uasset" 266
"../../../../Unreal Projects/VR 4.26/Content/Meshes/Flaska/FeSO4/BP_FlaskaFeSO4.uasset" 267
"../../../../Unreal Projects/VR 4.26/Content/Meshes/H2/Mat_H2.uasset" 268
"../../../../Unreal Projects/VR 4.26/Content/Meshes/H2/H2.uasset" 269
"../../../../Unreal Projects/VR 4.26/Content/Meshes/Flaska/H2/BP_FlaskaH2.uasset" 270
"../../../../Unreal Projects/VR 4.26/Content/Meshes/Flaska/H2SO4/H2SO4.uasset" 271
"../../../../Unreal Projects/VR 4.26/Content/Meshes/Flaska/H2SO4/Mat_FlaskaH2SO4_Inst.uasset" 272
"../../../../Unreal Projects/VR 4.26/Content/Meshes/Flaska/H2SO4/BP_FlaskaH2SO42.uasset" 273
"../../../../Unreal Projects/VR 4.26/Content/Meshes/Flaska/HCL/HCl.uasset" 274
"../../../../Unreal Projects/VR 4.26/Content/Meshes/Flaska/HCL/Mat_FlaskaHCl_Inst.uasset" 275
"../../../../Unreal Projects/VR 4.26/Content/Meshes/Flaska/HCL/BP_FlaskaHCL.uasset" 276
"../../../../Unreal Projects/VR 4.26/Content/Meshes/Flaska/MgCl2/MgCl2.uasset" 277
"../../../../Unreal Projects/VR 4.26/Content/Meshes/Flaska/MgCl2/BP_FlaskaMgCl2.uasset" 278
"../../../../Unreal Projects/VR 4.26/Content/Meshes/Flaska/MgSO4/MgSO4.uasset" 279
"../../../../Unreal Projects/VR 4.26/Content/Meshes/Flaska/MgSO4/BP_FlaskaMgSO4.uasset" 280
"../../../../Unreal Projects/VR 4.26/Content/Meshes/Flaska/Secret/C6H3CH3_NO2_2.uasset" 281
"../../../../Unreal Projects/VR 4.26/Content/Meshes/Flaska/Secret/BP_FlaskaC6H3CH3_NO2_2.uasset" 282
"../../../../Unreal Projects/VR 4.26/Content/Meshes/Flaska/Secret/C6H4CH3_NO2_.uasset" 283
"../../../../Unreal Projects/VR 4.26/Content/Meshes/Flaska/Secret/BP_FlaskaC6H4CH3_NO2_.uasset" 284
"../../../../Unreal Projects/VR 4.26/Content/Meshes/Flaska/ZnCl2/ZnCl2.uasset" 285
"../../../../Unreal Projects/VR 4.26/Content/Meshes/Flaska/ZnCl2/Mat_FlaskaZnCl2.uasset" 286
"../../../../Unreal Projects/VR 4.26/Content/Meshes/Flaska/ZnCl2/BP_FlaskaZnCl2.uasset" 287
"../../../../Unreal Projects/VR 4.26/Content/Meshes/Washbasin/Lavabo_default_1_2.uasset" 288
"../../../../Unreal Projects/VR 4.26/Content/Meshes/Washbasin/default_1_2.uasset" 289
"../../../Engine/Content/EngineMeshes/Cube.uasset" 290
"../../../Engine/Content/BasicShapes/Sphere.uasset" 291
"../../../../Unreal Projects/VR 4.26/Content/VirtualRealityBP/Blueprints/MotionControllerHaptics.uasset" 292
"../../../../Unreal Projects/VR 4.26/Content/VirtualReality/Meshes/SM_FatCylinder.uasset" 293
"../../../../Unreal Projects/VR 4.26/Content/VirtualReality/Meshes/BeamMesh.uasset" 294
"../../../../Unreal Projects/VR 4.26/Content/VirtualReality/Meshes/BeaconDirection.uasset" 295
"../../../../Unreal Projects/VR 4.26/Content/VirtualReality/Meshes/1x1_cube.uasset" 296
"../../../../Unreal Projects/VR 4.26/Content/VirtualReality/Materials/TeleportMCP.uasset" 297
"../../../Engine/Content/Functions/Engine_MaterialFunctions02/ScreenResolution.uasset" 298
"../../../Engine/Content/Functions/Engine_MaterialFunctions01/Texturing/ScaleUVsByCenter.uasset" 299
"../../../Engine/Content/Functions/Engine_MaterialFunctions02/Texturing/ScreenAlignedUVs.uasset" 300
"../../../Engine/Content/EngineMaterials/Good64x64TilingNoiseHighFreq.uasset" 301
"../../../Engine/Content/Functions/Engine_MaterialFunctions02/Utility/DepthFromWorldPosition.uasset" 302
"../../../../Unreal Projects/VR 4.26/Content/VirtualReality/Materials/MF_OccludedPixels.uasset" 303
"../../../../Unreal Projects/VR 4.26/Content/VirtualReality/Materials/M_SplineArcMat.uasset" 304
"../../../../Unreal Projects/VR 4.26/Content/VirtualReality/Materials/M_ArcEndpoint.uasset" 305
"../../../../Unreal Projects/VR 4.26/Content/VirtualReality/Materials/M_TeleportPreviews.uasset" 306
"../../../../Unreal Projects/VR 4.26/Content/VirtualReality/Materials/MI_TeleportCylinderPreview.uasset" 307
"../../../../Unreal Projects/VR 4.26/Content/VirtualReality/Materials/MI_ChaperoneOutline.uasset" 308
"../../../../Unreal Projects/VR 4.26/Content/VirtualRealityBP/Blueprints/GripEnum.uasset" 309
"../../../../Unreal Projects/VR 4.26/Content/Meshes/RecycleBin/Bin_Mat.uasset" 310
"../../../../Unreal Projects/VR 4.26/Content/VirtualRealityBP/Blueprints/BP_MotionController.uasset" 311
"../../../../Unreal Projects/VR 4.26/Content/Meshes/Blender_Machine/IsFiiled_Mat.uasset" 312
"../../../../Unreal Projects/VR 4.26/Content/Meshes/Blender_Machine/IsNotFiiled_Mat.uasset" 313
"../../../Engine/Content/BasicShapes/Cube.uasset" 314
"../../../../Unreal Projects/VR 4.26/Content/Meshes/OFFer/OFFer.uasset" 315
"../../../../Unreal Projects/VR 4.26/Content/Sound/Falling/Items_are_fell_Attenuation.uasset" 316
"../../../../Unreal Projects/VR 4.26/Content/Sound/Noise/noise_from_light.uasset" 317
"../../../../Unreal Projects/VR 4.26/Content/Sound/OFFer/Blend_Machine/OFFer_machine_2.uasset" 318
"../../../../Unreal Projects/VR 4.26/Content/Sound/OFFer/Blend_Machine/OFFer_machine_1.uasset" 319
"../../../../Unreal Projects/VR 4.26/Content/Sound/OFFer/Blend_Machine/OFFer_machine_Cue.uasset" 320
"../../../../Unreal Projects/VR 4.26/Content/Meshes/Mat_Tube.uasset" 321
"../../../../Unreal Projects/VR 4.26/Content/Meshes/Mat_Plus.uasset" 322
"../../../../Unreal Projects/VR 4.26/Content/Meshes/Mat_Foreground.uasset" 323
"../../../../Unreal Projects/VR 4.26/Content/Meshes/Mat_Background.uasset" 324
"../../../../Unreal Projects/VR 4.26/Content/Meshes/Blender_Machine/blend_machine.uasset" 325
"../../../../Unreal Projects/VR 4.26/Content/Meshes/Blender_Machine/BP_blend_machine.uasset" 326
"../../../../Unreal Projects/VR 4.26/Content/Sound/EasterEggs/Slender/you_looked_on_slender.uasset" 327
"../../../../Unreal Projects/VR 4.26/Content/Meshes/EasterEggs/SlenderMan/slendermax_text.uasset" 328
"../../../../Unreal Projects/VR 4.26/Content/Meshes/EasterEggs/SlenderMan/slendermax_text_Mat.uasset" 329
"../../../../Unreal Projects/VR 4.26/Content/Meshes/EasterEggs/SlenderMan/Slenderman_Model.uasset" 330
"../../../../Unreal Projects/VR 4.26/Content/Meshes/EasterEggs/SlenderMan/BP_SlenderMan.uasset" 331
"../../../../Unreal Projects/VR 4.26/Content/Meshes/Blender_Machine/Material_001.uasset" 332
"../../../../Unreal Projects/VR 4.26/Content/Meshes/Blender_Machine/Material_002.uasset" 333
"../../../../Unreal Projects/VR 4.26/Content/Meshes/Blender_Machine/corner_cupboard.uasset" 334
"../../../../Unreal Projects/VR 4.26/Content/Meshes/Blending/Mat_Substances.uasset" 335
"../../../../Unreal Projects/VR 4.26/Content/Meshes/Broom/Mat_Broom.uasset" 336
"../../../../Unreal Projects/VR 4.26/Content/Meshes/Flaska/H2/Mat_FlaskaH2_Inst.uasset" 337
"../../../../Unreal Projects/VR 4.26/Content/Meshes/Broom/broom.uasset" 338
"../../../../Unreal Projects/VR 4.26/Content/Meshes/Broom/BP_Broom.uasset" 339
"../../../../Unreal Projects/VR 4.26/Content/Meshes/EasterEggs/Cake/chocolate.uasset" 340
"../../../../Unreal Projects/VR 4.26/Content/Meshes/EasterEggs/Cake/nit.uasset" 341
"../../../../Unreal Projects/VR 4.26/Content/Meshes/EasterEggs/Cake/vosk.uasset" 342
"../../../../Unreal Projects/VR 4.26/Content/Meshes/EasterEggs/Cake/cake.uasset" 343
"../../../../Unreal Projects/VR 4.26/Content/Meshes/Cup_of_petri/Mat_cup_of_petri.uasset" 344
"../../../../Unreal Projects/VR 4.26/Content/Meshes/Cup_of_petri/Mat_cup_of_petri_Inst.uasset" 345
"../../../../Unreal Projects/VR 4.26/Content/Meshes/Cup_of_petri/ChaShka_petri.uasset" 346
"../../../../Unreal Projects/VR 4.26/Content/Meshes/BigFlaska/BP_Cup_Of_petri.uasset" 347
"../../../../Unreal Projects/VR 4.26/Content/StarterContent/Props/Materials/M_MaterialSphere_Plain.uasset" 348
"../../../../Unreal Projects/VR 4.26/Content/Meshes/BigFlaska/Big_Flaska.uasset" 349
"../../../../Unreal Projects/VR 4.26/Content/Meshes/BigFlaska/BP_BigFlaska.uasset" 350
"../../../../Unreal Projects/VR 4.26/Content/Meshes/H2/H2_BP.uasset" 351
"../../../../Unreal Projects/VR 4.26/Content/VirtualRealityBP/Maps/MotionControllerMap_BuiltData.uasset" 352
"../../../../Unreal Projects/VR 4.26/Content/VirtualRealityBP/Blueprints/MendeelevsTableInterface.uasset" 353
"../../../../Unreal Projects/VR 4.26/Content/Widgets/Widgets/PointSpawn.uasset" 354
"../../../../Unreal Projects/VR 4.26/Content/Sound/Footsteps/footstep_floor_4.uasset" 355
"../../../../Unreal Projects/VR 4.26/Content/Sound/Footsteps/footstep_floor_3.uasset" 356
"../../../../Unreal Projects/VR 4.26/Content/Sound/Footsteps/footstep_floor_2.uasset" 357
"../../../../Unreal Projects/VR 4.26/Content/Sound/Footsteps/footstep_floor.uasset" 358
"../../../../Unreal Projects/VR 4.26/Content/Sound/Footsteps/footstep_floor_Cue.uasset" 359
"../../../../Unreal Projects/VR 4.26/Content/Sound/Flashlight/flashlight.uasset" 360
"../../../../Unreal Projects/VR 4.26/Content/VirtualRealityBP/Blueprints/MotionControllerPawn2.uasset" 361
"../../../../Unreal Projects/VR 4.26/Content/VirtualReality/Materials/M_BaseMaterial.uasset" 362
"../../../../Unreal Projects/VR 4.26/Content/VirtualReality/Materials/MI_SmallCubes.uasset" 363
"../../../../Unreal Projects/VR 4.26/Content/VirtualReality/Materials/MI_BaseMaterial3.uasset" 364
"../../../../Unreal Projects/VR 4.26/Content/VirtualReality/Materials/MI_BaseMaterial2.uasset" 365
"../../../../Unreal Projects/VR 4.26/Content/VirtualReality/Mannequin/Character/Mesh/SM_MannequinSelect.uasset" 366
"../../../../Unreal Projects/VR 4.26/Content/VirtualReality/Mannequin/Character/Textures/UE4_Mannequin_MAT_MASKA.uasset" 367
"../../../../Unreal Projects/VR 4.26/Content/VirtualReality/Mannequin/Character/Textures/UE4_Mannequin__normals.uasset" 368
"../../../../Unreal Projects/VR 4.26/Content/VirtualReality/Mannequin/Character/Materials/M_HandMat.uasset" 369
"../../../../Unreal Projects/VR 4.26/Content/VirtualReality/Mannequin/Character/Materials/M_HandMatLightWhite_Inst.uasset" 370
"../../../../Unreal Projects/VR 4.26/Content/VirtualReality/Mannequin/Character/Mesh/BP_MannequinSelectWhite1.uasset" 371
"../../../../Unreal Projects/VR 4.26/Content/VirtualReality/Mannequin/Character/Materials/M_HandMatRed_Inst.uasset" 372
"../../../../Unreal Projects/VR 4.26/Content/VirtualReality/Mannequin/Character/Mesh/BP_MannequinSelectRed1.uasset" 373
"../../../../Unreal Projects/VR 4.26/Content/VirtualReality/Mannequin/Character/Materials/M_HandMatPink_Inst.uasset" 374
"../../../../Unreal Projects/VR 4.26/Content/VirtualReality/Mannequin/Character/Mesh/BP_MannequinSelectPink1.uasset" 375
"../../../../Unreal Projects/VR 4.26/Content/VirtualReality/Mannequin/Character/Materials/M_HandMatOrange_Inst.uasset" 376
"../../../../Unreal Projects/VR 4.26/Content/VirtualReality/Mannequin/Character/Mesh/BP_MannequinSelectOrange1.uasset" 377
"../../../../Unreal Projects/VR 4.26/Content/VirtualReality/Mannequin/Character/Materials/M_HandMatGreen_Inst.uasset" 378
"../../../../Unreal Projects/VR 4.26/Content/VirtualReality/Mannequin/Character/Mesh/BP_MannequinSelectLightGreen1.uasset" 379
"../../../../Unreal Projects/VR 4.26/Content/VirtualReality/Mannequin/Character/Materials/M_HandMatLightGreen_Inst.uasset" 380
"../../../../Unreal Projects/VR 4.26/Content/VirtualReality/Mannequin/Character/Mesh/BP_MannequinSelectLightGree.uasset" 381
"../../../../Unreal Projects/VR 4.26/Content/VirtualReality/Mannequin/Character/Materials/M_HandMatYellow_Inst.uasset" 382
"../../../../Unreal Projects/VR 4.26/Content/VirtualReality/Mannequin/Character/Mesh/BP_MannequinSelectYellow.uasset" 383
"../../../../Unreal Projects/VR 4.26/Content/VirtualReality/Mannequin/Character/Materials/M_BlueHandMat_Inst.uasset" 384
"../../../../Unreal Projects/VR 4.26/Content/VirtualReality/Mannequin/Character/Mesh/BP_MannequinSelectBlue1.uasset" 385
"../../../../Unreal Projects/VR 4.26/Content/VirtualReality/Mannequin/Character/Materials/M_HandMatLightBlack_Inst.uasset" 386
"../../../../Unreal Projects/VR 4.26/Content/VirtualReality/Mannequin/Character/Mesh/BP_MannequinSelectBlack1.uasset" 387
"../../../../Unreal Projects/VR 4.26/Content/Sound/OFFer/Room/OFFer_main_3.uasset" 388
"../../../../Unreal Projects/VR 4.26/Content/Sound/OFFer/Room/OFFer_main_2.uasset" 389
"../../../../Unreal Projects/VR 4.26/Content/Sound/OFFer/Room/OFFer_main_1.uasset" 390
"../../../../Unreal Projects/VR 4.26/Content/Sound/OFFer/Room/OFFer_Room_Cue.uasset" 391
"../../../../Unreal Projects/VR 4.26/Content/Sound/EasterEggs/Slender/steps_slender.uasset" 392
"../../../../Unreal Projects/VR 4.26/Content/Sound/EasterEggs/Cake/StillAlive_cake_easterEgg.uasset" 393
"../../../../Unreal Projects/VR 4.26/Content/Sound/EasterEggs/Cake/Cake_EasterEgg_Attenuation.uasset" 394
"../../../../Unreal Projects/VR 4.26/Content/Sound/main_theme_Vessel_Jon_Hop__.uasset" 395
"../../../../Unreal Projects/VR 4.26/Content/Sound/OFFer/Lavado/Lavado_songse.uasset" 396
"../../../../Unreal Projects/VR 4.26/Content/Sound/OFFer/Lavado/OFFer_Lavado_Cue.uasset" 397
"../../../../Unreal Projects/VR 4.26/Content/Meshes/TheTray/Mat_TheTray2_Inst.uasset" 398
"../../../../Unreal Projects/VR 4.26/Content/Sound/Falling/sound_of__fallen_tray_9.uasset" 399
"../../../../Unreal Projects/VR 4.26/Content/Sound/Falling/sound_of__fallen_tray_8.uasset" 400
"../../../../Unreal Projects/VR 4.26/Content/Sound/Falling/sound_of__fallen_tray_7.uasset" 401
"../../../../Unreal Projects/VR 4.26/Content/Sound/Falling/sound_of__fallen_tray_6.uasset" 402
"../../../../Unreal Projects/VR 4.26/Content/Sound/Falling/sound_of__fallen_tray_5.uasset" 403
"../../../../Unreal Projects/VR 4.26/Content/Sound/Falling/sound_of__fallen_tray_4.uasset" 404
"../../../../Unreal Projects/VR 4.26/Content/Sound/Falling/sound_of__fallen_tray_3.uasset" 405
"../../../../Unreal Projects/VR 4.26/Content/Sound/Falling/sound_of__fallen_tray_2.uasset" 406
"../../../../Unreal Projects/VR 4.26/Content/Sound/Falling/sound_of__fallen_tray_1.uasset" 407
"../../../../Unreal Projects/VR 4.26/Content/Sound/Falling/Sound_of_fallen_tray_Cue.uasset" 408
"../../../../Unreal Projects/VR 4.26/Content/Meshes/TheTray/podnos.uasset" 409
"../../../../Unreal Projects/VR 4.26/Content/Meshes/TheTray/Mat_TheTray_Inst.uasset" 410
"../../../../Unreal Projects/VR 4.26/Content/Meshes/TheTray/BP_TheTray.uasset" 411
"../../../../Unreal Projects/VR 4.26/Content/Meshes/TestTude/probirka.uasset" 412
"../../../../Unreal Projects/VR 4.26/Content/Meshes/TestTude/BP_TestTude.uasset" 413
"../../../../Unreal Projects/VR 4.26/Content/Meshes/Stand/Mat_Stand_Inst.uasset" 414
"../../../../Unreal Projects/VR 4.26/Content/Meshes/Stand/podstavka.uasset" 415
"../../../../Unreal Projects/VR 4.26/Content/Meshes/spirit/spirtovka.uasset" 416
"../../../../Unreal Projects/VR 4.26/Content/Meshes/spirit/Mat_spirit_Inst.uasset" 417
"../../../../Unreal Projects/VR 4.26/Content/Meshes/spirit/BP_spirit.uasset" 418
"../../../../Unreal Projects/VR 4.26/Content/Widgets/Widgets/Mendeleevs_table.uasset" 419
"../../../../Unreal Projects/VR 4.26/Content/Meshes/Elements/Zr.uasset" 420
"../../../../Unreal Projects/VR 4.26/Content/Meshes/Elements/BP_Zr.uasset" 421
"../../../../Unreal Projects/VR 4.26/Content/Meshes/Elements/Y.uasset" 422
"../../../../Unreal Projects/VR 4.26/Content/Meshes/Elements/BP_Y.uasset" 423
"../../../../Unreal Projects/VR 4.26/Content/Meshes/Elements/W.uasset" 424
"../../../../Unreal Projects/VR 4.26/Content/Meshes/Elements/BP_W.uasset" 425
"../../../../Unreal Projects/VR 4.26/Content/Meshes/Elements/Ti_collor.uasset" 426
"../../../../Unreal Projects/VR 4.26/Content/Meshes/Elements/V.uasset" 427
"../../../../Unreal Projects/VR 4.26/Content/Meshes/Elements/BP_V.uasset" 428
"../../../../Unreal Projects/VR 4.26/Content/Meshes/Elements/Tl.uasset" 429
"../../../../Unreal Projects/VR 4.26/Content/Meshes/Elements/BP_Tl.uasset" 430
"../../../../Unreal Projects/VR 4.26/Content/Meshes/Elements/Ti.uasset" 431
"../../../../Unreal Projects/VR 4.26/Content/Meshes/Elements/BP_Ti.uasset" 432
"../../../../Unreal Projects/VR 4.26/Content/Meshes/Elements/Tc.uasset" 433
"../../../../Unreal Projects/VR 4.26/Content/Meshes/Elements/BP_Tc.uasset" 434
"../../../../Unreal Projects/VR 4.26/Content/Meshes/Elements/Ta.uasset" 435
"../../../../Unreal Projects/VR 4.26/Content/Meshes/Elements/BP_Ta.uasset" 436
"../../../../Unreal Projects/VR 4.26/Content/Meshes/Elements/Sg.uasset" 437
"../../../../Unreal Projects/VR 4.26/Content/Meshes/Elements/BP_Sg.uasset" 438
"../../../../Unreal Projects/VR 4.26/Content/Meshes/Elements/Sc_collor.uasset" 439
"../../../../Unreal Projects/VR 4.26/Content/Meshes/Elements/Sc.uasset" 440
"../../../../Unreal Projects/VR 4.26/Content/Meshes/Elements/BP_Sc.uasset" 441
"../../../../Unreal Projects/VR 4.26/Content/Meshes/Elements/Ru.uasset" 442
"../../../../Unreal Projects/VR 4.26/Content/Meshes/Elements/BP_Ru.uasset" 443
"../../../../Unreal Projects/VR 4.26/Content/Meshes/Elements/Rh.uasset" 444
"../../../../Unreal Projects/VR 4.26/Content/Meshes/Elements/BP_Rh.uasset" 445
"../../../../Unreal Projects/VR 4.26/Content/Meshes/Elements/Rf.uasset" 446
"../../../../Unreal Projects/VR 4.26/Content/Meshes/Elements/BP_Rf.uasset" 447
"../../../../Unreal Projects/VR 4.26/Content/Meshes/Elements/Re.uasset" 448
"../../../../Unreal Projects/VR 4.26/Content/Meshes/Elements/BP_Re.uasset" 449
"../../../../Unreal Projects/VR 4.26/Content/Meshes/Elements/Rb_collor.uasset" 450
"../../../../Unreal Projects/VR 4.26/Content/Meshes/Elements/Rb.uasset" 451
"../../../../Unreal Projects/VR 4.26/Content/Meshes/Elements/BP_Rb.uasset" 452
"../../../../Unreal Projects/VR 4.26/Content/Meshes/Elements/Ra.uasset" 453
"../../../../Unreal Projects/VR 4.26/Content/Meshes/Elements/BP_Ra.uasset" 454
"../../../../Unreal Projects/VR 4.26/Content/Meshes/Elements/Pt.uasset" 455
"../../../../Unreal Projects/VR 4.26/Content/Meshes/Elements/BP_Pt.uasset" 456
"../../../../Unreal Projects/VR 4.26/Content/Meshes/Elements/Pb.uasset" 457
"../../../../Unreal Projects/VR 4.26/Content/Meshes/Elements/BP_Pb.uasset" 458
"../../../../Unreal Projects/VR 4.26/Content/Meshes/Elements/Os.uasset" 459
"../../../../Unreal Projects/VR 4.26/Content/Meshes/Elements/BP_Os.uasset" 460
"../../../../Unreal Projects/VR 4.26/Content/StarterContent/Materials/M_Metal_Brushed_Nickel.uasset" 461
"../../../../Unreal Projects/VR 4.26/Content/Meshes/Elements/Ni.uasset" 462
"../../../../Unreal Projects/VR 4.26/Content/Meshes/Elements/BP_Ni.uasset" 463
"../../../../Unreal Projects/VR 4.26/Content/Meshes/Elements/Nb.uasset" 464
"../../../../Unreal Projects/VR 4.26/Content/Meshes/Elements/BP_Nb.uasset" 465
"../../../../Unreal Projects/VR 4.26/Content/Meshes/Elements/Na_collor.uasset" 466
"../../../../Unreal Projects/VR 4.26/Content/Meshes/Elements/Na.uasset" 467
"../../../../Unreal Projects/VR 4.26/Content/Meshes/Elements/BP_Na.uasset" 468
"../../../../Unreal Projects/VR 4.26/Content/Meshes/Elements/Mt.uasset" 469
"../../../../Unreal Projects/VR 4.26/Content/Meshes/Elements/BP_Mt.uasset" 470
"../../../../Unreal Projects/VR 4.26/Content/Meshes/Elements/Mo.uasset" 471
"../../../../Unreal Projects/VR 4.26/Content/Meshes/Elements/BP_Mo.uasset" 472
"../../../../Unreal Projects/VR 4.26/Content/Meshes/Elements/Mn.uasset" 473
"../../../../Unreal Projects/VR 4.26/Content/Meshes/Elements/BP_Mn.uasset" 474
"../../../../Unreal Projects/VR 4.26/Content/Meshes/Elements/LI_collor.uasset" 475
"../../../../Unreal Projects/VR 4.26/Content/Meshes/Elements/Li.uasset" 476
"../../../../Unreal Projects/VR 4.26/Content/Meshes/Elements/BP_Li.uasset" 477
"../../../../Unreal Projects/VR 4.26/Content/Meshes/Elements/La.uasset" 478
"../../../../Unreal Projects/VR 4.26/Content/Meshes/Elements/BP_La.uasset" 479
"../../../../Unreal Projects/VR 4.26/Content/Meshes/Elements/Ca_collor.uasset" 480
"../../../../Unreal Projects/VR 4.26/Content/Meshes/Elements/K.uasset" 481
"../../../../Unreal Projects/VR 4.26/Content/Meshes/Elements/BP_K.uasset" 482
"../../../../Unreal Projects/VR 4.26/Content/Meshes/Elements/Ir.uasset" 483
"../../../../Unreal Projects/VR 4.26/Content/Meshes/Elements/BP_Ir.uasset" 484
"../../../../Unreal Projects/VR 4.26/Content/Meshes/Elements/Hs.uasset" 485
"../../../../Unreal Projects/VR 4.26/Content/Meshes/Elements/BP_Hs.uasset" 486
"../../../../Unreal Projects/VR 4.26/Content/Meshes/Elements/Hg.uasset" 487
"../../../../Unreal Projects/VR 4.26/Content/Meshes/Elements/BP_Hg.uasset" 488
"../../../../Unreal Projects/VR 4.26/Content/Meshes/Elements/Hf.uasset" 489
"../../../../Unreal Projects/VR 4.26/Content/Meshes/Elements/BP_Hf.uasset" 490
"../../../../Unreal Projects/VR 4.26/Content/Meshes/Elements/Ga_collor.uasset" 491
"../../../../Unreal Projects/VR 4.26/Content/Meshes/Elements/Ga.uasset" 492
"../../../../Unreal Projects/VR 4.26/Content/Meshes/Elements/BP_Ga.uasset" 493
"../../../../Unreal Projects/VR 4.26/Content/Meshes/Elements/Db.uasset" 494
"../../../../Unreal Projects/VR 4.26/Content/Meshes/Elements/BP_Db.uasset" 495
"../../../../Unreal Projects/VR 4.26/Content/Meshes/Elements/Cu_collor.uasset" 496
"../../../../Unreal Projects/VR 4.26/Content/Meshes/Elements/Cu.uasset" 497
"../../../../Unreal Projects/VR 4.26/Content/Meshes/Elements/BP_Cu.uasset" 498
"../../../../Unreal Projects/VR 4.26/Content/Meshes/Elements/Cs.uasset" 499
"../../../../Unreal Projects/VR 4.26/Content/Meshes/Elements/BP_Cs.uasset" 500
"../../../../Unreal Projects/VR 4.26/Content/StarterContent/Materials/M_Metal_Chrome.uasset" 501
"../../../../Unreal Projects/VR 4.26/Content/Meshes/Elements/Cr.uasset" 502
"../../../../Unreal Projects/VR 4.26/Content/Meshes/Elements/BP_Cr.uasset" 503
"../../../../Unreal Projects/VR 4.26/Content/Meshes/Elements/Co.uasset" 504
"../../../../Unreal Projects/VR 4.26/Content/Meshes/Elements/BP_Co.uasset" 505
"../../../../Unreal Projects/VR 4.26/Content/Meshes/Elements/Cd.uasset" 506
"../../../../Unreal Projects/VR 4.26/Content/Meshes/Elements/BP_Cd.uasset" 507
"../../../../Unreal Projects/VR 4.26/Content/Meshes/Elements/Ca.uasset" 508
"../../../../Unreal Projects/VR 4.26/Content/Meshes/Elements/BP_Ca.uasset" 509
"../../../../Unreal Projects/VR 4.26/Content/Meshes/Elements/Bh.uasset" 510
"../../../../Unreal Projects/VR 4.26/Content/Meshes/Elements/BP_Bh.uasset" 511
"../../../../Unreal Projects/VR 4.26/Content/Meshes/Elements/Ba.uasset" 512
"../../../../Unreal Projects/VR 4.26/Content/Meshes/Elements/BP_Ba.uasset" 513
"../../../../Unreal Projects/VR 4.26/Content/Meshes/Elements/Au.uasset" 514
"../../../../Unreal Projects/VR 4.26/Content/Meshes/Elements/BP_Au.uasset" 515
"../../../../Unreal Projects/VR 4.26/Content/Meshes/Elements/Ag.uasset" 516
"../../../../Unreal Projects/VR 4.26/Content/Meshes/Elements/BP_Ag.uasset" 517
"../../../../Unreal Projects/VR 4.26/Content/Meshes/Elements/Ac.uasset" 518
"../../../../Unreal Projects/VR 4.26/Content/Meshes/Elements/BP_Ac.uasset" 519
"../../../../Unreal Projects/VR 4.26/Content/Widgets/Widgets/WBP_Mendeleevs_table.uasset" 520
"../../../../Unreal Projects/VR 4.26/Content/Widgets/Widgets/Interactive/BP_Mendeleevs_table.uasset" 521
"../../../../Unreal Projects/VR 4.26/Content/Meshes/Washbasin/Lavabo_default_1_1.uasset" 522
"../../../../Unreal Projects/VR 4.26/Content/Meshes/Washbasin/default_1_1.uasset" 523
"../../../../Unreal Projects/VR 4.26/Content/Meshes/Blender_Machine/Lavado.uasset" 524
"../../../../Unreal Projects/VR 4.26/Content/Sound/OFFer/Lavado/Lavado_Attenuatuon.uasset" 525
"../../../../Unreal Projects/VR 4.26/Content/Meshes/Washbasin/BP_Washbasin.uasset" 526
"../../../../Unreal Projects/VR 4.26/Content/Meshes/Shelf/shelf.uasset" 527
"../../../../Unreal Projects/VR 4.26/Content/Meshes/Shelf/BP_shelf.uasset" 528
"../../../../Unreal Projects/VR 4.26/Content/Sound/Rubbish/rubbish.uasset" 529
"../../../../Unreal Projects/VR 4.26/Content/Meshes/RecycleBin/Material_RecycleBin.uasset" 530
"../../../../Unreal Projects/VR 4.26/Content/Meshes/RecycleBin/recycle_bin.uasset" 531
"../../../../Unreal Projects/VR 4.26/Content/Meshes/RecycleBin/BP_RecycleBin.uasset" 532
"../../../../Unreal Projects/VR 4.26/Content/Meshes/paper_flay/Material_002.uasset" 533
"../../../../Unreal Projects/VR 4.26/Content/Meshes/paper_flay/Material_001.uasset" 534
"../../../../Unreal Projects/VR 4.26/Content/Meshes/paper_flay/paper_is_flay.uasset" 535
"../../../../Unreal Projects/VR 4.26/Content/VirtualRealityBP/Maps/MotionControllerMap.umap" 536
"../../../../Unreal Projects/VR 4.26/Content/Meshes/Blending/BP_Substance1.uasset" 537
"../../../../Unreal Projects/VR 4.26/Content/Meshes/Blending/Equal.uasset" 538
"../../../../Unreal Projects/VR 4.26/Content/Meshes/Blending/Plus.uasset" 539
"../../../../Unreal Projects/VR 4.26/Content/Meshes/blend_machine.uasset" 540
"../../../../Unreal Projects/VR 4.26/Content/Meshes/apert_science_logo.uasset" 541
"../../../../Unreal Projects/VR 4.26/Content/Meshes/apert_science_logo_Mat.uasset" 542
"../../../Engine/Content/BasicShapes/Plane.uasset" 543
"../../../Engine/Content/EngineMaterials/Grid.uasset" 544
"../../../Engine/Content/EditorResources/TilePatine_N.uasset" 545
"../../../Engine/Content/EditorResources/TilePatine_D.uasset" 546
"../../../Engine/Content/EditorMaterials/AntialiasedGridFloor.uasset" 547
"../../../Engine/Content/EditorMaterials/PersonaFloorMat.uasset" 548
"../../../Engine/Content/BasicShapes/BasicShapeMaterial.uasset" 549
"../../../../Unreal Projects/VR 4.26/Content/VirtualRealityBP/Maps/StartupMap_BuiltData.uasset" 550
"../../../../Unreal Projects/VR 4.26/Content/Widgets/MainMenu/WBP_MainMenu.uasset" 551
"../../../../Unreal Projects/VR 4.26/Content/Widgets/MainMenu/BP_MainMenu.uasset" 552
"../../../../Unreal Projects/VR 4.26/Content/VirtualRealityBP/Blueprints/StartupControllerPawn.uasset" 553
"../../../../Unreal Projects/VR 4.26/Content/VirtualReality/Materials/GenericHMDMaterial.uasset" 554
"../../../../Unreal Projects/VR 4.26/Content/VirtualReality/Meshes/GenericHMD.uasset" 555
"../../../../Unreal Projects/VR 4.26/Content/StarterContent/Materials/M_Glass.uasset" 556
"../../../../Unreal Projects/VR 4.26/Content/StarterContent/Textures/T_Door_N.uasset" 557
"../../../../Unreal Projects/VR 4.26/Content/StarterContent/Textures/T_Door_M.uasset" 558
"../../../../Unreal Projects/VR 4.26/Content/StarterContent/Props/Materials/M_Door.uasset" 559
"../../../../Unreal Projects/VR 4.26/Content/StarterContent/Props/SM_Door.uasset" 560
"../../../../Unreal Projects/VR 4.26/Content/StarterContent/Textures/T_Chair_N.uasset" 561
"../../../../Unreal Projects/VR 4.26/Content/StarterContent/Textures/T_Chair_M.uasset" 562
"../../../../Unreal Projects/VR 4.26/Content/StarterContent/Props/Materials/M_Chair.uasset" 563
"../../../../Unreal Projects/VR 4.26/Content/StarterContent/Props/SM_Couch.uasset" 564
"../../../../Unreal Projects/VR 4.26/Content/StarterContent/Textures/T_Perlin_Noise_M.uasset" 565
"../../../../Unreal Projects/VR 4.26/Content/StarterContent/Textures/T_Brick_Clay_Old_N.uasset" 566
"../../../../Unreal Projects/VR 4.26/Content/StarterContent/Textures/T_Brick_Clay_Old_D.uasset" 567
"../../../../Unreal Projects/VR 4.26/Content/StarterContent/Materials/M_Brick_Clay_Old.uasset" 568
"../../../../Unreal Projects/VR 4.26/Content/StarterContent/Textures/T_TableRound_N.uasset" 569
"../../../../Unreal Projects/VR 4.26/Content/StarterContent/Textures/T_TableRound_M.uasset" 570
"../../../../Unreal Projects/VR 4.26/Content/StarterContent/Props/Materials/M_TableRound.uasset" 571
"../../../../Unreal Projects/VR 4.26/Content/StarterContent/Props/SM_TableRound.uasset" 572
"../../../../Unreal Projects/VR 4.26/Content/StarterContent/Props/SM_Chair.uasset" 573
"../../../../Unreal Projects/VR 4.26/Content/StarterContent/Audio/Starter_Music01.uasset" 574
"../../../../Unreal Projects/VR 4.26/Content/StarterContent/Materials/M_Basic_Wall.uasset" 575
"../../../../Unreal Projects/VR 4.26/Content/StarterContent/Architecture/Wall_Door_400x300.uasset" 576
"../../../../Unreal Projects/VR 4.26/Content/Meshes/Elements/Fr.uasset" 577
"../../../../Unreal Projects/VR 4.26/Content/VirtualRealityBP/Maps/StartupMap.umap" 578
"../../../Engine/Content/Maps/Entry_BuiltData.uasset" 579
"../../../Engine/Content/Maps/Entry.umap" 580
